<?xml version="1.0" encoding="UTF-8"?>
<testng-results skipped="0" failed="0" total="1" passed="1">
  <reporter-output>
  </reporter-output>
  <suite name="runner.TestRunner" duration-ms="7446" started-at="2022-03-29T11:55:34Z" finished-at="2022-03-29T11:55:41Z">
    <groups>
      <group name="cucumber">
        <method signature="AbstractTestNGCucumberTests.feature(cucumber.api.testng.CucumberFeatureWrapper)[pri:0, instance:runner.TestRunner@6cd8737]" name="feature" class="cucumber.api.testng.AbstractTestNGCucumberTests"/>
      </group> <!-- cucumber -->
    </groups>
    <test name="Command line test" duration-ms="7446" started-at="2022-03-29T11:55:34Z" finished-at="2022-03-29T11:55:41Z">
      <class name="runner.TestRunner">
        <test-method status="PASS" signature="setUpClass()[pri:0, instance:runner.TestRunner@6cd8737]" name="setUpClass" is-config="true" duration-ms="501" started-at="2022-03-29T13:55:34Z" finished-at="2022-03-29T13:55:34Z">
          <reporter-output>
          </reporter-output>
        </test-method> <!-- setUpClass -->
        <test-method status="PASS" signature="feature(cucumber.api.testng.CucumberFeatureWrapper)[pri:0, instance:runner.TestRunner@6cd8737]" name="feature" duration-ms="6771" started-at="2022-03-29T13:55:34Z" description="Runs Cucumber Feature" data-provider="features" finished-at="2022-03-29T13:55:41Z">
          <params>
            <param index="0">
              <value>
                <![CDATA[Colour patterns API]]>
              </value>
            </param>
          </params>
          <reporter-output>
          </reporter-output>
        </test-method> <!-- feature -->
        <test-method status="PASS" signature="tearDownClass()[pri:0, instance:runner.TestRunner@6cd8737]" name="tearDownClass" is-config="true" duration-ms="19" started-at="2022-03-29T13:55:41Z" finished-at="2022-03-29T13:55:41Z">
          <reporter-output>
          </reporter-output>
        </test-method> <!-- tearDownClass -->
      </class> <!-- runner.TestRunner -->
    </test> <!-- Command line test -->
  </suite> <!-- runner.TestRunner -->
</testng-results>
