<?xml version="1.0" encoding="UTF-8"?>
<testng-results ignored="0" total="3" passed="3" failed="0" skipped="0">
  <reporter-output>
  </reporter-output>
  <suite started-at="2022-03-17T16:13:36 EET" name="Default suite" finished-at="2022-03-17T16:13:42 EET" duration-ms="5443">
    <groups>
    </groups>
    <test started-at="2022-03-17T16:13:36 EET" name="Default test" finished-at="2022-03-17T16:13:42 EET" duration-ms="5443">
      <class name="tests.User">
        <test-method signature="GetUser()[pri:0, instance:tests.User@44a7bfbc]" started-at="2022-03-17T16:13:36 EET" name="GetUser" finished-at="2022-03-17T16:13:40 EET" duration-ms="4052" status="PASS">
          <reporter-output>
          </reporter-output>
        </test-method> <!-- GetUser -->
        <test-method signature="whenAddPost()[pri:0, instance:tests.User@44a7bfbc]" started-at="2022-03-17T16:13:40 EET" name="whenAddPost" finished-at="2022-03-17T16:13:41 EET" duration-ms="692" status="PASS">
          <reporter-output>
          </reporter-output>
        </test-method> <!-- whenAddPost -->
        <test-method signature="whenGetUserPosts()[pri:0, instance:tests.User@44a7bfbc]" started-at="2022-03-17T16:13:41 EET" name="whenGetUserPosts" finished-at="2022-03-17T16:13:42 EET" duration-ms="627" status="PASS">
          <reporter-output>
          </reporter-output>
        </test-method> <!-- whenGetUserPosts -->
      </class> <!-- tests.User -->
    </test> <!-- Default test -->
  </suite> <!-- Default suite -->
</testng-results>
